<?xml version="1.0" encoding="utf-8"?><testsuites name="pytest tests"><testsuite name="pytest" errors="0" failures="1" skipped="0" tests="24" time="8.986" timestamp="2026-05-20T23:11:24.468619+00:00" hostname="agent-env-a128bd8c-7184-4aee-b606-d4afc2b9bc4d"><testcase classname="backend.tests.test_gigguard_backend" name="test_health" time="0.302" /><testcase classname="backend.tests.test_gigguard_backend" name="test_register" time="0.421" /><testcase classname="backend.tests.test_gigguard_backend" name="test_register_duplicate" time="0.160" /><testcase classname="backend.tests.test_gigguard_backend" name="test_login_ok" time="0.376" /><testcase classname="backend.tests.test_gigguard_backend" name="test_login_wrong_pw" time="0.469" /><testcase classname="backend.tests.test_gigguard_backend" name="test_me_no_token" time="0.118" /><testcase classname="backend.tests.test_gigguard_backend" name="test_me_invalid_token" time="0.143" /><testcase classname="backend.tests.test_gigguard_backend" name="test_me_ok" time="0.152" /><testcase classname="backend.tests.test_gigguard_backend" name="test_trip_start_active_auto_abandon" time="0.521" /><testcase classname="backend.tests.test_gigguard_backend" name="test_trip_points_and_miles" time="0.430" /><testcase classname="backend.tests.test_gigguard_backend" name="test_trip_end_with_endpoint" time="0.108" /><testcase classname="backend.tests.test_gigguard_backend" name="test_trip_end_with_manual_miles_override" time="0.218" /><testcase classname="backend.tests.test_gigguard_backend" name="test_trips_list_newest_first" time="0.129" /><testcase classname="backend.tests.test_gigguard_backend" name="test_active_null_after_end" time="0.129" /><testcase classname="backend.tests.test_gigguard_backend" name="test_free_tier_gating_402" time="0.533" /><testcase classname="backend.tests.test_gigguard_backend" name="test_receipt_manual" time="0.239" /><testcase classname="backend.tests.test_gigguard_backend" name="test_receipt_ocr_image_200" time="3.210" /><testcase classname="backend.tests.test_gigguard_backend" name="test_receipt_list_has_image_flag" time="0.149" /><testcase classname="backend.tests.test_gigguard_backend" name="test_stats_shape" time="0.144" /><testcase classname="backend.tests.test_gigguard_backend" name="test_csv_free_tier_402" time="0.111" /><testcase classname="backend.tests.test_gigguard_backend" name="test_csv_pro_user" time="0.118" /><testcase classname="backend.tests.test_gigguard_backend" name="test_create_checkout_session" time="0.312"><failure message="AssertionError: Internal Server Error&#10;assert 500 == 200&#10; +  where 500 = &lt;Response [500]&gt;.status_code">backend/tests/test_gigguard_backend.py:235: in test_create_checkout_session
    assert r.status_code == 200, r.text
E   AssertionError: Internal Server Error
E   assert 500 == 200
E    +  where 500 = &lt;Response [500]&gt;.status_code</failure></testcase><testcase classname="backend.tests.test_gigguard_backend" name="test_subscription_status" time="0.110" /><testcase classname="backend.tests.test_gigguard_backend" name="test_subscription_refresh_no_sub" time="0.115" /></testsuite></testsuites>